{"/home/eq/devacademy/Bootcamp/final-project/has-bean/client/actions/beans.js": {"path":"/home/eq/devacademy/Bootcamp/final-project/has-bean/client/actions/beans.js","statementMap":{"0":{"start":{"line":3,"column":25},"end":{"line":3,"column":36}},"1":{"start":{"line":6,"column":2},"end":{"line":9,"column":3}},"2":{"start":{"line":13,"column":2},"end":{"line":17,"column":3}},"3":{"start":{"line":14,"column":4},"end":{"line":16,"column":6}},"4":{"start":{"line":15,"column":6},"end":{"line":15,"column":31}}},"fnMap":{"0":{"name":"setBeans","decl":{"start":{"line":5,"column":16},"end":{"line":5,"column":24}},"loc":{"start":{"line":5,"column":32},"end":{"line":10,"column":1}},"line":5},"1":{"name":"fetchBeans","decl":{"start":{"line":12,"column":16},"end":{"line":12,"column":26}},"loc":{"start":{"line":12,"column":29},"end":{"line":18,"column":1}},"line":12},"2":{"name":"(anonymous_2)","decl":{"start":{"line":13,"column":9},"end":{"line":13,"column":10}},"loc":{"start":{"line":13,"column":23},"end":{"line":17,"column":3}},"line":13},"3":{"name":"(anonymous_3)","decl":{"start":{"line":14,"column":27},"end":{"line":14,"column":28}},"loc":{"start":{"line":14,"column":38},"end":{"line":16,"column":5}},"line":14}},"branchMap":{},"s":{"0":2,"1":1,"2":2,"3":1,"4":1},"f":{"0":1,"1":2,"2":1,"3":1},"b":{},"_coverageSchema":"1a1c01bbd47fc00a2c39e90264f33305004495a9","hash":"db0e56ada68d03e6110848bc8cdc9faecbdbf010"}
,"/home/eq/devacademy/Bootcamp/final-project/has-bean/client/actions/cafes.js": {"path":"/home/eq/devacademy/Bootcamp/final-project/has-bean/client/actions/cafes.js","statementMap":{"0":{"start":{"line":3,"column":25},"end":{"line":3,"column":36}},"1":{"start":{"line":6,"column":2},"end":{"line":9,"column":3}},"2":{"start":{"line":13,"column":2},"end":{"line":17,"column":3}},"3":{"start":{"line":14,"column":4},"end":{"line":16,"column":6}},"4":{"start":{"line":15,"column":6},"end":{"line":15,"column":31}},"5":{"start":{"line":21,"column":2},"end":{"line":25,"column":3}},"6":{"start":{"line":22,"column":4},"end":{"line":24,"column":6}},"7":{"start":{"line":23,"column":6},"end":{"line":23,"column":31}}},"fnMap":{"0":{"name":"setCafes","decl":{"start":{"line":5,"column":16},"end":{"line":5,"column":24}},"loc":{"start":{"line":5,"column":32},"end":{"line":10,"column":1}},"line":5},"1":{"name":"fetchCafes","decl":{"start":{"line":12,"column":16},"end":{"line":12,"column":26}},"loc":{"start":{"line":12,"column":29},"end":{"line":18,"column":1}},"line":12},"2":{"name":"(anonymous_2)","decl":{"start":{"line":13,"column":9},"end":{"line":13,"column":10}},"loc":{"start":{"line":13,"column":23},"end":{"line":17,"column":3}},"line":13},"3":{"name":"(anonymous_3)","decl":{"start":{"line":14,"column":27},"end":{"line":14,"column":28}},"loc":{"start":{"line":14,"column":38},"end":{"line":16,"column":5}},"line":14},"4":{"name":"addMoreCafe","decl":{"start":{"line":20,"column":16},"end":{"line":20,"column":27}},"loc":{"start":{"line":20,"column":37},"end":{"line":26,"column":1}},"line":20},"5":{"name":"(anonymous_5)","decl":{"start":{"line":21,"column":9},"end":{"line":21,"column":10}},"loc":{"start":{"line":21,"column":23},"end":{"line":25,"column":3}},"line":21},"6":{"name":"(anonymous_6)","decl":{"start":{"line":22,"column":33},"end":{"line":22,"column":34}},"loc":{"start":{"line":22,"column":44},"end":{"line":24,"column":5}},"line":22}},"branchMap":{},"s":{"0":2,"1":1,"2":2,"3":1,"4":1,"5":0,"6":0,"7":0},"f":{"0":1,"1":2,"2":1,"3":1,"4":0,"5":0,"6":0},"b":{},"_coverageSchema":"1a1c01bbd47fc00a2c39e90264f33305004495a9","hash":"f41ae0c76b39d24748d5dbf9f3ad859c37888c8c"}
,"/home/eq/devacademy/Bootcamp/final-project/has-bean/client/actions/roasters.js": {"path":"/home/eq/devacademy/Bootcamp/final-project/has-bean/client/actions/roasters.js","statementMap":{"0":{"start":{"line":3,"column":28},"end":{"line":3,"column":42}},"1":{"start":{"line":4,"column":27},"end":{"line":4,"column":40}},"2":{"start":{"line":5,"column":30},"end":{"line":5,"column":46}},"3":{"start":{"line":6,"column":30},"end":{"line":6,"column":46}},"4":{"start":{"line":9,"column":2},"end":{"line":12,"column":3}},"5":{"start":{"line":17,"column":2},"end":{"line":20,"column":3}},"6":{"start":{"line":25,"column":2},"end":{"line":28,"column":3}},"7":{"start":{"line":33,"column":2},"end":{"line":41,"column":3}},"8":{"start":{"line":34,"column":4},"end":{"line":40,"column":8}},"9":{"start":{"line":36,"column":8},"end":{"line":36,"column":39}},"10":{"start":{"line":39,"column":8},"end":{"line":39,"column":36}},"11":{"start":{"line":46,"column":2},"end":{"line":54,"column":3}},"12":{"start":{"line":47,"column":4},"end":{"line":53,"column":8}},"13":{"start":{"line":49,"column":8},"end":{"line":49,"column":58}},"14":{"start":{"line":52,"column":8},"end":{"line":52,"column":36}}},"fnMap":{"0":{"name":"setRoasters","decl":{"start":{"line":8,"column":16},"end":{"line":8,"column":27}},"loc":{"start":{"line":8,"column":38},"end":{"line":13,"column":1}},"line":8},"1":{"name":"addRoaster","decl":{"start":{"line":16,"column":16},"end":{"line":16,"column":26}},"loc":{"start":{"line":16,"column":39},"end":{"line":21,"column":1}},"line":16},"2":{"name":"updateRoaster","decl":{"start":{"line":24,"column":16},"end":{"line":24,"column":29}},"loc":{"start":{"line":24,"column":39},"end":{"line":29,"column":1}},"line":24},"3":{"name":"fetchRoasters","decl":{"start":{"line":32,"column":16},"end":{"line":32,"column":29}},"loc":{"start":{"line":32,"column":32},"end":{"line":42,"column":1}},"line":32},"4":{"name":"(anonymous_4)","decl":{"start":{"line":33,"column":9},"end":{"line":33,"column":10}},"loc":{"start":{"line":33,"column":23},"end":{"line":41,"column":3}},"line":33},"5":{"name":"(anonymous_5)","decl":{"start":{"line":35,"column":12},"end":{"line":35,"column":13}},"loc":{"start":{"line":35,"column":26},"end":{"line":37,"column":7}},"line":35},"6":{"name":"(anonymous_6)","decl":{"start":{"line":38,"column":13},"end":{"line":38,"column":14}},"loc":{"start":{"line":38,"column":24},"end":{"line":40,"column":7}},"line":38},"7":{"name":"submitRoaster","decl":{"start":{"line":45,"column":16},"end":{"line":45,"column":29}},"loc":{"start":{"line":45,"column":42},"end":{"line":55,"column":1}},"line":45},"8":{"name":"(anonymous_8)","decl":{"start":{"line":46,"column":9},"end":{"line":46,"column":10}},"loc":{"start":{"line":46,"column":23},"end":{"line":54,"column":3}},"line":46},"9":{"name":"(anonymous_9)","decl":{"start":{"line":48,"column":12},"end":{"line":48,"column":13}},"loc":{"start":{"line":48,"column":23},"end":{"line":50,"column":7}},"line":48},"10":{"name":"(anonymous_10)","decl":{"start":{"line":51,"column":13},"end":{"line":51,"column":14}},"loc":{"start":{"line":51,"column":24},"end":{"line":53,"column":7}},"line":51}},"branchMap":{},"s":{"0":4,"1":4,"2":4,"3":4,"4":1,"5":1,"6":0,"7":2,"8":1,"9":1,"10":0,"11":2,"12":2,"13":1,"14":1},"f":{"0":1,"1":1,"2":0,"3":2,"4":1,"5":1,"6":0,"7":2,"8":2,"9":1,"10":1},"b":{},"_coverageSchema":"1a1c01bbd47fc00a2c39e90264f33305004495a9","hash":"3825f532c4eccb0e2b42380e3e867e7c047b392a"}
,"/home/eq/devacademy/Bootcamp/final-project/has-bean/client/actions/searchResult.js": {"path":"/home/eq/devacademy/Bootcamp/final-project/has-bean/client/actions/searchResult.js","statementMap":{"0":{"start":{"line":1,"column":33},"end":{"line":1,"column":52}},"1":{"start":{"line":4,"column":2},"end":{"line":7,"column":3}},"2":{"start":{"line":12,"column":2},"end":{"line":14,"column":3}},"3":{"start":{"line":13,"column":4},"end":{"line":13,"column":44}}},"fnMap":{"0":{"name":"setSearchResult","decl":{"start":{"line":3,"column":16},"end":{"line":3,"column":31}},"loc":{"start":{"line":3,"column":40},"end":{"line":8,"column":1}},"line":3},"1":{"name":"updateSearchResult","decl":{"start":{"line":11,"column":16},"end":{"line":11,"column":34}},"loc":{"start":{"line":11,"column":43},"end":{"line":15,"column":1}},"line":11},"2":{"name":"(anonymous_2)","decl":{"start":{"line":12,"column":9},"end":{"line":12,"column":10}},"loc":{"start":{"line":12,"column":23},"end":{"line":14,"column":3}},"line":12}},"branchMap":{},"s":{"0":3,"1":1,"2":1,"3":1},"f":{"0":1,"1":1,"2":1},"b":{},"_coverageSchema":"1a1c01bbd47fc00a2c39e90264f33305004495a9","hash":"e5144cb67b9fb4ab957e0b88a69be683df284859"}
,"/home/eq/devacademy/Bootcamp/final-project/has-bean/client/actions/searchRoasters.js": {"path":"/home/eq/devacademy/Bootcamp/final-project/has-bean/client/actions/searchRoasters.js","statementMap":{"0":{"start":{"line":3,"column":35},"end":{"line":3,"column":56}},"1":{"start":{"line":6,"column":2},"end":{"line":9,"column":3}},"2":{"start":{"line":13,"column":2},"end":{"line":18,"column":3}},"3":{"start":{"line":14,"column":4},"end":{"line":17,"column":47}},"4":{"start":{"line":15,"column":6},"end":{"line":15,"column":43}},"5":{"start":{"line":17,"column":20},"end":{"line":17,"column":46}}},"fnMap":{"0":{"name":"setSearchRoasters","decl":{"start":{"line":5,"column":16},"end":{"line":5,"column":33}},"loc":{"start":{"line":5,"column":44},"end":{"line":10,"column":1}},"line":5},"1":{"name":"fetchSearchRoasters","decl":{"start":{"line":12,"column":16},"end":{"line":12,"column":35}},"loc":{"start":{"line":12,"column":38},"end":{"line":19,"column":1}},"line":12},"2":{"name":"(anonymous_2)","decl":{"start":{"line":13,"column":9},"end":{"line":13,"column":10}},"loc":{"start":{"line":13,"column":23},"end":{"line":18,"column":3}},"line":13},"3":{"name":"(anonymous_3)","decl":{"start":{"line":14,"column":36},"end":{"line":14,"column":37}},"loc":{"start":{"line":14,"column":50},"end":{"line":16,"column":5}},"line":14},"4":{"name":"(anonymous_4)","decl":{"start":{"line":17,"column":11},"end":{"line":17,"column":12}},"loc":{"start":{"line":17,"column":20},"end":{"line":17,"column":46}},"line":17}},"branchMap":{},"s":{"0":2,"1":1,"2":2,"3":2,"4":1,"5":1},"f":{"0":1,"1":2,"2":2,"3":1,"4":1},"b":{},"_coverageSchema":"1a1c01bbd47fc00a2c39e90264f33305004495a9","hash":"de3dc2cca287a0e4ba1f1201ad5abc6c11e9b0c6"}
,"/home/eq/devacademy/Bootcamp/final-project/has-bean/client/apis/beans.js": {"path":"/home/eq/devacademy/Bootcamp/final-project/has-bean/client/apis/beans.js","statementMap":{"0":{"start":{"line":3,"column":16},"end":{"line":3,"column":25}},"1":{"start":{"line":6,"column":2},"end":{"line":8,"column":4}},"2":{"start":{"line":7,"column":4},"end":{"line":7,"column":19}}},"fnMap":{"0":{"name":"getBeans","decl":{"start":{"line":5,"column":16},"end":{"line":5,"column":24}},"loc":{"start":{"line":5,"column":27},"end":{"line":9,"column":1}},"line":5},"1":{"name":"(anonymous_1)","decl":{"start":{"line":6,"column":46},"end":{"line":6,"column":47}},"loc":{"start":{"line":6,"column":55},"end":{"line":8,"column":3}},"line":6}},"branchMap":{},"s":{"0":3,"1":1,"2":1},"f":{"0":1,"1":1},"b":{},"_coverageSchema":"1a1c01bbd47fc00a2c39e90264f33305004495a9","hash":"a30dd53bfce521d615b7ac72c84a79e1171ae853"}
,"/home/eq/devacademy/Bootcamp/final-project/has-bean/client/apis/cafes.js": {"path":"/home/eq/devacademy/Bootcamp/final-project/has-bean/client/apis/cafes.js","statementMap":{"0":{"start":{"line":3,"column":16},"end":{"line":3,"column":25}},"1":{"start":{"line":6,"column":2},"end":{"line":8,"column":4}},"2":{"start":{"line":7,"column":4},"end":{"line":7,"column":19}},"3":{"start":{"line":12,"column":2},"end":{"line":18,"column":6}},"4":{"start":{"line":16,"column":6},"end":{"line":16,"column":29}},"5":{"start":{"line":17,"column":6},"end":{"line":17,"column":21}}},"fnMap":{"0":{"name":"getCafes","decl":{"start":{"line":5,"column":16},"end":{"line":5,"column":24}},"loc":{"start":{"line":5,"column":27},"end":{"line":9,"column":1}},"line":5},"1":{"name":"(anonymous_1)","decl":{"start":{"line":6,"column":46},"end":{"line":6,"column":47}},"loc":{"start":{"line":6,"column":55},"end":{"line":8,"column":3}},"line":6},"2":{"name":"addCafe","decl":{"start":{"line":11,"column":16},"end":{"line":11,"column":23}},"loc":{"start":{"line":11,"column":33},"end":{"line":19,"column":1}},"line":11},"3":{"name":"(anonymous_3)","decl":{"start":{"line":15,"column":10},"end":{"line":15,"column":11}},"loc":{"start":{"line":15,"column":19},"end":{"line":18,"column":5}},"line":15}},"branchMap":{},"s":{"0":3,"1":1,"2":1,"3":0,"4":0,"5":0},"f":{"0":1,"1":1,"2":0,"3":0},"b":{},"_coverageSchema":"1a1c01bbd47fc00a2c39e90264f33305004495a9","hash":"96b92155f91016bd43ac7d36c60aa9720c11b26f"}
,"/home/eq/devacademy/Bootcamp/final-project/has-bean/client/apis/roasters.js": {"path":"/home/eq/devacademy/Bootcamp/final-project/has-bean/client/apis/roasters.js","statementMap":{"0":{"start":{"line":3,"column":16},"end":{"line":3,"column":25}},"1":{"start":{"line":6,"column":2},"end":{"line":8,"column":4}},"2":{"start":{"line":7,"column":4},"end":{"line":7,"column":19}},"3":{"start":{"line":13,"column":2},"end":{"line":15,"column":4}},"4":{"start":{"line":14,"column":4},"end":{"line":14,"column":19}},"5":{"start":{"line":20,"column":2},"end":{"line":25,"column":6}},"6":{"start":{"line":24,"column":6},"end":{"line":24,"column":21}},"7":{"start":{"line":30,"column":2},"end":{"line":35,"column":6}},"8":{"start":{"line":34,"column":6},"end":{"line":34,"column":21}}},"fnMap":{"0":{"name":"getRoasters","decl":{"start":{"line":5,"column":16},"end":{"line":5,"column":27}},"loc":{"start":{"line":5,"column":30},"end":{"line":9,"column":1}},"line":5},"1":{"name":"(anonymous_1)","decl":{"start":{"line":6,"column":49},"end":{"line":6,"column":50}},"loc":{"start":{"line":6,"column":58},"end":{"line":8,"column":3}},"line":6},"2":{"name":"getRoasterById","decl":{"start":{"line":12,"column":16},"end":{"line":12,"column":30}},"loc":{"start":{"line":12,"column":35},"end":{"line":16,"column":1}},"line":12},"3":{"name":"(anonymous_3)","decl":{"start":{"line":13,"column":55},"end":{"line":13,"column":56}},"loc":{"start":{"line":13,"column":64},"end":{"line":15,"column":3}},"line":13},"4":{"name":"postRoaster","decl":{"start":{"line":19,"column":16},"end":{"line":19,"column":27}},"loc":{"start":{"line":19,"column":40},"end":{"line":26,"column":1}},"line":19},"5":{"name":"(anonymous_5)","decl":{"start":{"line":23,"column":10},"end":{"line":23,"column":11}},"loc":{"start":{"line":23,"column":19},"end":{"line":25,"column":5}},"line":23},"6":{"name":"editRoaster","decl":{"start":{"line":29,"column":16},"end":{"line":29,"column":27}},"loc":{"start":{"line":29,"column":41},"end":{"line":36,"column":1}},"line":29},"7":{"name":"(anonymous_7)","decl":{"start":{"line":33,"column":10},"end":{"line":33,"column":11}},"loc":{"start":{"line":33,"column":19},"end":{"line":35,"column":5}},"line":33}},"branchMap":{},"s":{"0":5,"1":1,"2":1,"3":0,"4":0,"5":1,"6":1,"7":0,"8":0},"f":{"0":1,"1":1,"2":0,"3":0,"4":1,"5":1,"6":0,"7":0},"b":{},"_coverageSchema":"1a1c01bbd47fc00a2c39e90264f33305004495a9","hash":"781fbe264885056b7b1520dbd1afce5c4f912aad"}
,"/home/eq/devacademy/Bootcamp/final-project/has-bean/client/apis/searchRoasters.js": {"path":"/home/eq/devacademy/Bootcamp/final-project/has-bean/client/apis/searchRoasters.js","statementMap":{"0":{"start":{"line":3,"column":16},"end":{"line":3,"column":25}},"1":{"start":{"line":6,"column":2},"end":{"line":8,"column":4}},"2":{"start":{"line":7,"column":4},"end":{"line":7,"column":19}}},"fnMap":{"0":{"name":"getSearchRoasters","decl":{"start":{"line":5,"column":16},"end":{"line":5,"column":33}},"loc":{"start":{"line":5,"column":36},"end":{"line":9,"column":1}},"line":5},"1":{"name":"(anonymous_1)","decl":{"start":{"line":6,"column":55},"end":{"line":6,"column":56}},"loc":{"start":{"line":6,"column":64},"end":{"line":8,"column":3}},"line":6}},"branchMap":{},"s":{"0":3,"1":1,"2":1},"f":{"0":1,"1":1},"b":{},"_coverageSchema":"1a1c01bbd47fc00a2c39e90264f33305004495a9","hash":"2b856d726420ea0f406a45db36051df40f627138"}
,"/home/eq/devacademy/Bootcamp/final-project/has-bean/client/components/AddRoaster.jsx": {"path":"/home/eq/devacademy/Bootcamp/final-project/has-bean/client/components/AddRoaster.jsx","statementMap":{"0":{"start":{"line":8,"column":19},"end":{"line":8,"column":32}},"1":{"start":{"line":9,"column":19},"end":{"line":9,"column":32}},"2":{"start":{"line":11,"column":28},"end":{"line":17,"column":4}},"3":{"start":{"line":19,"column":19},"end":{"line":27,"column":3}},"4":{"start":{"line":30,"column":4},"end":{"line":33,"column":6}},"5":{"start":{"line":37,"column":4},"end":{"line":37,"column":26}},"6":{"start":{"line":38,"column":4},"end":{"line":38,"column":34}},"7":{"start":{"line":39,"column":4},"end":{"line":45,"column":6}},"8":{"start":{"line":46,"column":4},"end":{"line":46,"column":25}},"9":{"start":{"line":49,"column":2},"end":{"line":97,"column":3}},"10":{"start":{"line":64,"column":14},"end":{"line":68,"column":15}}},"fnMap":{"0":{"name":"AddRoaster","decl":{"start":{"line":7,"column":24},"end":{"line":7,"column":34}},"loc":{"start":{"line":7,"column":37},"end":{"line":98,"column":1}},"line":7},"1":{"name":"handleChange","decl":{"start":{"line":29,"column":11},"end":{"line":29,"column":23}},"loc":{"start":{"line":29,"column":31},"end":{"line":34,"column":3}},"line":29},"2":{"name":"handleSubmit","decl":{"start":{"line":36,"column":11},"end":{"line":36,"column":23}},"loc":{"start":{"line":36,"column":31},"end":{"line":47,"column":3}},"line":36},"3":{"name":"(anonymous_3)","decl":{"start":{"line":63,"column":26},"end":{"line":63,"column":27}},"loc":{"start":{"line":63,"column":39},"end":{"line":69,"column":13}},"line":63}},"branchMap":{},"s":{"0":2,"1":2,"2":2,"3":2,"4":0,"5":1,"6":1,"7":1,"8":1,"9":2,"10":14},"f":{"0":2,"1":0,"2":1,"3":14},"b":{},"_coverageSchema":"1a1c01bbd47fc00a2c39e90264f33305004495a9","hash":"5ddb5e6a231bd5d363a2fe69b9ac2624711b8a7d"}
,"/home/eq/devacademy/Bootcamp/final-project/has-bean/client/components/Authenticated.jsx": {"path":"/home/eq/devacademy/Bootcamp/final-project/has-bean/client/components/Authenticated.jsx","statementMap":{"0":{"start":{"line":4,"column":27},"end":{"line":7,"column":1}},"1":{"start":{"line":5,"column":30},"end":{"line":5,"column":40}},"2":{"start":{"line":6,"column":2},"end":{"line":6,"column":24}},"3":{"start":{"line":10,"column":2},"end":{"line":10,"column":54}},"4":{"start":{"line":14,"column":2},"end":{"line":14,"column":55}}},"fnMap":{"0":{"name":"(anonymous_0)","decl":{"start":{"line":4,"column":27},"end":{"line":4,"column":28}},"loc":{"start":{"line":4,"column":33},"end":{"line":7,"column":1}},"line":4},"1":{"name":"IfAuthenticated","decl":{"start":{"line":9,"column":16},"end":{"line":9,"column":31}},"loc":{"start":{"line":9,"column":46},"end":{"line":11,"column":1}},"line":9},"2":{"name":"IfNotAuthenticated","decl":{"start":{"line":13,"column":16},"end":{"line":13,"column":34}},"loc":{"start":{"line":13,"column":49},"end":{"line":15,"column":1}},"line":13}},"branchMap":{"0":{"loc":{"start":{"line":10,"column":9},"end":{"line":10,"column":54}},"type":"cond-expr","locations":[{"start":{"line":10,"column":32},"end":{"line":10,"column":47}},{"start":{"line":10,"column":50},"end":{"line":10,"column":54}}],"line":10},"1":{"loc":{"start":{"line":14,"column":9},"end":{"line":14,"column":55}},"type":"cond-expr","locations":[{"start":{"line":14,"column":33},"end":{"line":14,"column":48}},{"start":{"line":14,"column":51},"end":{"line":14,"column":55}}],"line":14}},"s":{"0":4,"1":12,"2":12,"3":6,"4":6},"f":{"0":12,"1":6,"2":6},"b":{"0":[2,4],"1":[4,2]},"_coverageSchema":"1a1c01bbd47fc00a2c39e90264f33305004495a9","hash":"4be305e86ccab485d4721102cba6ec9491ef4385"}
,"/home/eq/devacademy/Bootcamp/final-project/has-bean/client/components/Footer.jsx": {"path":"/home/eq/devacademy/Bootcamp/final-project/has-bean/client/components/Footer.jsx","statementMap":{"0":{"start":{"line":9,"column":46},"end":{"line":9,"column":56}},"1":{"start":{"line":11,"column":23},"end":{"line":14,"column":3}},"2":{"start":{"line":12,"column":4},"end":{"line":12,"column":22}},"3":{"start":{"line":13,"column":4},"end":{"line":13,"column":12}},"4":{"start":{"line":16,"column":23},"end":{"line":19,"column":3}},"5":{"start":{"line":17,"column":4},"end":{"line":17,"column":22}},"6":{"start":{"line":18,"column":4},"end":{"line":18,"column":23}},"7":{"start":{"line":21,"column":2},"end":{"line":62,"column":3}}},"fnMap":{"0":{"name":"Footer","decl":{"start":{"line":8,"column":24},"end":{"line":8,"column":30}},"loc":{"start":{"line":8,"column":33},"end":{"line":63,"column":1}},"line":8},"1":{"name":"(anonymous_1)","decl":{"start":{"line":11,"column":23},"end":{"line":11,"column":24}},"loc":{"start":{"line":11,"column":30},"end":{"line":14,"column":3}},"line":11},"2":{"name":"(anonymous_2)","decl":{"start":{"line":16,"column":23},"end":{"line":16,"column":24}},"loc":{"start":{"line":16,"column":30},"end":{"line":19,"column":3}},"line":16}},"branchMap":{},"s":{"0":1,"1":1,"2":0,"3":0,"4":1,"5":0,"6":0,"7":1},"f":{"0":1,"1":0,"2":0},"b":{},"_coverageSchema":"1a1c01bbd47fc00a2c39e90264f33305004495a9","hash":"08328735dd019fa48b0e846048717662a1aecc6d"}
,"/home/eq/devacademy/Bootcamp/final-project/has-bean/client/components/Header.jsx": {"path":"/home/eq/devacademy/Bootcamp/final-project/has-bean/client/components/Header.jsx","statementMap":{"0":{"start":{"line":9,"column":46},"end":{"line":9,"column":56}},"1":{"start":{"line":11,"column":23},"end":{"line":14,"column":3}},"2":{"start":{"line":12,"column":4},"end":{"line":12,"column":22}},"3":{"start":{"line":13,"column":4},"end":{"line":13,"column":12}},"4":{"start":{"line":16,"column":23},"end":{"line":19,"column":3}},"5":{"start":{"line":17,"column":4},"end":{"line":17,"column":22}},"6":{"start":{"line":18,"column":4},"end":{"line":18,"column":23}},"7":{"start":{"line":21,"column":2},"end":{"line":53,"column":3}}},"fnMap":{"0":{"name":"Header","decl":{"start":{"line":8,"column":24},"end":{"line":8,"column":30}},"loc":{"start":{"line":8,"column":33},"end":{"line":54,"column":1}},"line":8},"1":{"name":"(anonymous_1)","decl":{"start":{"line":11,"column":23},"end":{"line":11,"column":24}},"loc":{"start":{"line":11,"column":30},"end":{"line":14,"column":3}},"line":11},"2":{"name":"(anonymous_2)","decl":{"start":{"line":16,"column":23},"end":{"line":16,"column":24}},"loc":{"start":{"line":16,"column":30},"end":{"line":19,"column":3}},"line":16}},"branchMap":{},"s":{"0":5,"1":5,"2":1,"3":1,"4":5,"5":1,"6":1,"7":5},"f":{"0":5,"1":1,"2":1},"b":{},"_coverageSchema":"1a1c01bbd47fc00a2c39e90264f33305004495a9","hash":"2008ccfb0dddc5e9373718919e70dd1a86649877"}
,"/home/eq/devacademy/Bootcamp/final-project/has-bean/client/components/Roaster.jsx": {"path":"/home/eq/devacademy/Bootcamp/final-project/has-bean/client/components/Roaster.jsx","statementMap":{"0":{"start":{"line":7,"column":17},"end":{"line":7,"column":28}},"1":{"start":{"line":8,"column":20},"end":{"line":8,"column":37}},"2":{"start":{"line":10,"column":19},"end":{"line":10,"column":57}},"3":{"start":{"line":10,"column":42},"end":{"line":10,"column":56}},"4":{"start":{"line":11,"column":25},"end":{"line":11,"column":69}},"5":{"start":{"line":11,"column":48},"end":{"line":11,"column":68}},"6":{"start":{"line":13,"column":24},"end":{"line":13,"column":76}},"7":{"start":{"line":13,"column":51},"end":{"line":13,"column":75}},"8":{"start":{"line":16,"column":29},"end":{"line":18,"column":5}},"9":{"start":{"line":17,"column":6},"end":{"line":17,"column":61}},"10":{"start":{"line":19,"column":4},"end":{"line":29,"column":6}},"11":{"start":{"line":20,"column":40},"end":{"line":20,"column":47}},"12":{"start":{"line":21,"column":6},"end":{"line":28,"column":7}},"13":{"start":{"line":32,"column":2},"end":{"line":46,"column":3}}},"fnMap":{"0":{"name":"Roaster","decl":{"start":{"line":6,"column":24},"end":{"line":6,"column":31}},"loc":{"start":{"line":6,"column":34},"end":{"line":47,"column":1}},"line":6},"1":{"name":"(anonymous_1)","decl":{"start":{"line":10,"column":31},"end":{"line":10,"column":32}},"loc":{"start":{"line":10,"column":42},"end":{"line":10,"column":56}},"line":10},"2":{"name":"(anonymous_2)","decl":{"start":{"line":11,"column":37},"end":{"line":11,"column":38}},"loc":{"start":{"line":11,"column":48},"end":{"line":11,"column":68}},"line":11},"3":{"name":"(anonymous_3)","decl":{"start":{"line":13,"column":38},"end":{"line":13,"column":39}},"loc":{"start":{"line":13,"column":51},"end":{"line":13,"column":75}},"line":13},"4":{"name":"mapRoasterCafes","decl":{"start":{"line":15,"column":11},"end":{"line":15,"column":26}},"loc":{"start":{"line":15,"column":34},"end":{"line":30,"column":3}},"line":15},"5":{"name":"(anonymous_5)","decl":{"start":{"line":16,"column":51},"end":{"line":16,"column":52}},"loc":{"start":{"line":17,"column":6},"end":{"line":17,"column":61}},"line":17},"6":{"name":"(anonymous_6)","decl":{"start":{"line":19,"column":33},"end":{"line":19,"column":34}},"loc":{"start":{"line":19,"column":46},"end":{"line":29,"column":5}},"line":19}},"branchMap":{"0":{"loc":{"start":{"line":35,"column":9},"end":{"line":42,"column":9}},"type":"binary-expr","locations":[{"start":{"line":35,"column":9},"end":{"line":35,"column":22}},{"start":{"line":36,"column":10},"end":{"line":41,"column":16}}],"line":35}},"s":{"0":2,"1":2,"2":2,"3":4,"4":2,"5":4,"6":2,"7":2,"8":2,"9":6,"10":2,"11":4,"12":4,"13":2},"f":{"0":2,"1":4,"2":4,"3":2,"4":2,"5":6,"6":4},"b":{"0":[2,2]},"_coverageSchema":"1a1c01bbd47fc00a2c39e90264f33305004495a9","hash":"a294fb3187a19378993e664bda81da2a886c8bd1"}
,"/home/eq/devacademy/Bootcamp/final-project/has-bean/client/components/Roasters.jsx": {"path":"/home/eq/devacademy/Bootcamp/final-project/has-bean/client/components/Roasters.jsx","statementMap":{"0":{"start":{"line":8,"column":17},"end":{"line":8,"column":55}},"1":{"start":{"line":8,"column":40},"end":{"line":8,"column":54}},"2":{"start":{"line":10,"column":2},"end":{"line":12,"column":3}},"3":{"start":{"line":11,"column":4},"end":{"line":11,"column":59}},"4":{"start":{"line":14,"column":17},"end":{"line":14,"column":26}},"5":{"start":{"line":15,"column":2},"end":{"line":17,"column":3}},"6":{"start":{"line":16,"column":4},"end":{"line":16,"column":78}},"7":{"start":{"line":16,"column":50},"end":{"line":16,"column":77}},"8":{"start":{"line":18,"column":20},"end":{"line":18,"column":38}},"9":{"start":{"line":20,"column":2},"end":{"line":49,"column":3}},"10":{"start":{"line":24,"column":8},"end":{"line":46,"column":9}},"11":{"start":{"line":29,"column":38},"end":{"line":29,"column":73}},"12":{"start":{"line":31,"column":18},"end":{"line":42,"column":19}}},"fnMap":{"0":{"name":"Roasters","decl":{"start":{"line":7,"column":24},"end":{"line":7,"column":32}},"loc":{"start":{"line":7,"column":35},"end":{"line":50,"column":1}},"line":7},"1":{"name":"(anonymous_1)","decl":{"start":{"line":8,"column":29},"end":{"line":8,"column":30}},"loc":{"start":{"line":8,"column":40},"end":{"line":8,"column":54}},"line":8},"2":{"name":"(anonymous_2)","decl":{"start":{"line":15,"column":15},"end":{"line":15,"column":16}},"loc":{"start":{"line":16,"column":4},"end":{"line":16,"column":78}},"line":16},"3":{"name":"(anonymous_3)","decl":{"start":{"line":16,"column":36},"end":{"line":16,"column":37}},"loc":{"start":{"line":16,"column":50},"end":{"line":16,"column":77}},"line":16},"4":{"name":"(anonymous_4)","decl":{"start":{"line":23,"column":21},"end":{"line":23,"column":22}},"loc":{"start":{"line":23,"column":35},"end":{"line":47,"column":7}},"line":23},"5":{"name":"(anonymous_5)","decl":{"start":{"line":29,"column":25},"end":{"line":29,"column":26}},"loc":{"start":{"line":29,"column":38},"end":{"line":29,"column":73}},"line":29},"6":{"name":"(anonymous_6)","decl":{"start":{"line":30,"column":21},"end":{"line":30,"column":22}},"loc":{"start":{"line":30,"column":34},"end":{"line":43,"column":17}},"line":30}},"branchMap":{"0":{"loc":{"start":{"line":10,"column":2},"end":{"line":12,"column":3}},"type":"if","locations":[{"start":{"line":10,"column":2},"end":{"line":12,"column":3}},{"start":{},"end":{}}],"line":10}},"s":{"0":0,"1":0,"2":0,"3":0,"4":0,"5":0,"6":0,"7":0,"8":0,"9":0,"10":0,"11":0,"12":0},"f":{"0":0,"1":0,"2":0,"3":0,"4":0,"5":0,"6":0},"b":{"0":[0,0]},"_coverageSchema":"1a1c01bbd47fc00a2c39e90264f33305004495a9","hash":"8d2295c3f352e1cbb08188922caf44554e98c457"}
,"/home/eq/devacademy/Bootcamp/final-project/has-bean/client/components/Search.jsx": {"path":"/home/eq/devacademy/Bootcamp/final-project/has-bean/client/components/Search.jsx","statementMap":{"0":{"start":{"line":8,"column":19},"end":{"line":8,"column":32}},"1":{"start":{"line":9,"column":25},"end":{"line":9,"column":69}},"2":{"start":{"line":9,"column":48},"end":{"line":9,"column":68}},"3":{"start":{"line":10,"column":17},"end":{"line":10,"column":55}},"4":{"start":{"line":10,"column":40},"end":{"line":10,"column":54}},"5":{"start":{"line":13,"column":25},"end":{"line":15,"column":3}},"6":{"start":{"line":14,"column":4},"end":{"line":14,"column":35}},"7":{"start":{"line":16,"column":26},"end":{"line":22,"column":3}},"8":{"start":{"line":17,"column":15},"end":{"line":17,"column":29}},"9":{"start":{"line":18,"column":18},"end":{"line":20,"column":5}},"10":{"start":{"line":19,"column":25},"end":{"line":19,"column":54}},"11":{"start":{"line":21,"column":4},"end":{"line":21,"column":36}},"12":{"start":{"line":23,"column":2},"end":{"line":70,"column":3}},"13":{"start":{"line":60,"column":14},"end":{"line":64,"column":15}}},"fnMap":{"0":{"name":"Search","decl":{"start":{"line":7,"column":24},"end":{"line":7,"column":30}},"loc":{"start":{"line":7,"column":33},"end":{"line":71,"column":1}},"line":7},"1":{"name":"(anonymous_1)","decl":{"start":{"line":9,"column":37},"end":{"line":9,"column":38}},"loc":{"start":{"line":9,"column":48},"end":{"line":9,"column":68}},"line":9},"2":{"name":"(anonymous_2)","decl":{"start":{"line":10,"column":29},"end":{"line":10,"column":30}},"loc":{"start":{"line":10,"column":40},"end":{"line":10,"column":54}},"line":10},"3":{"name":"(anonymous_3)","decl":{"start":{"line":13,"column":25},"end":{"line":13,"column":26}},"loc":{"start":{"line":13,"column":35},"end":{"line":15,"column":3}},"line":13},"4":{"name":"(anonymous_4)","decl":{"start":{"line":16,"column":26},"end":{"line":16,"column":27}},"loc":{"start":{"line":16,"column":33},"end":{"line":22,"column":3}},"line":16},"5":{"name":"(anonymous_5)","decl":{"start":{"line":19,"column":6},"end":{"line":19,"column":7}},"loc":{"start":{"line":19,"column":25},"end":{"line":19,"column":54}},"line":19},"6":{"name":"(anonymous_6)","decl":{"start":{"line":59,"column":26},"end":{"line":59,"column":27}},"loc":{"start":{"line":59,"column":44},"end":{"line":65,"column":13}},"line":59}},"branchMap":{},"s":{"0":0,"1":0,"2":0,"3":0,"4":0,"5":0,"6":0,"7":0,"8":0,"9":0,"10":0,"11":0,"12":0,"13":0},"f":{"0":0,"1":0,"2":0,"3":0,"4":0,"5":0,"6":0},"b":{},"_coverageSchema":"1a1c01bbd47fc00a2c39e90264f33305004495a9","hash":"5f554d272b3cf040c7bb5e1a6095077534125d54"}
,"/home/eq/devacademy/Bootcamp/final-project/has-bean/client/reducers/beans.js": {"path":"/home/eq/devacademy/Bootcamp/final-project/has-bean/client/reducers/beans.js","statementMap":{"0":{"start":{"line":1,"column":28},"end":{"line":1,"column":30}},"1":{"start":{"line":3,"column":14},"end":{"line":11,"column":1}},"2":{"start":{"line":4,"column":28},"end":{"line":4,"column":34}},"3":{"start":{"line":5,"column":2},"end":{"line":10,"column":3}},"4":{"start":{"line":7,"column":6},"end":{"line":7,"column":20}},"5":{"start":{"line":9,"column":6},"end":{"line":9,"column":18}}},"fnMap":{"0":{"name":"(anonymous_0)","decl":{"start":{"line":3,"column":14},"end":{"line":3,"column":15}},"loc":{"start":{"line":3,"column":55},"end":{"line":11,"column":1}},"line":3}},"branchMap":{"0":{"loc":{"start":{"line":3,"column":15},"end":{"line":3,"column":42}},"type":"default-arg","locations":[{"start":{"line":3,"column":23},"end":{"line":3,"column":42}}],"line":3},"1":{"loc":{"start":{"line":5,"column":2},"end":{"line":10,"column":3}},"type":"switch","locations":[{"start":{"line":6,"column":4},"end":{"line":7,"column":20}},{"start":{"line":8,"column":4},"end":{"line":9,"column":18}}],"line":5}},"s":{"0":1,"1":1,"2":2,"3":2,"4":0,"5":2},"f":{"0":2},"b":{"0":[1],"1":[0,2]},"_coverageSchema":"1a1c01bbd47fc00a2c39e90264f33305004495a9","hash":"c755c4b30d8c50e6eca86ef043890b738c2288e6"}
,"/home/eq/devacademy/Bootcamp/final-project/has-bean/client/reducers/cafes.js": {"path":"/home/eq/devacademy/Bootcamp/final-project/has-bean/client/reducers/cafes.js","statementMap":{"0":{"start":{"line":1,"column":28},"end":{"line":1,"column":30}},"1":{"start":{"line":3,"column":14},"end":{"line":11,"column":1}},"2":{"start":{"line":4,"column":28},"end":{"line":4,"column":34}},"3":{"start":{"line":5,"column":2},"end":{"line":10,"column":3}},"4":{"start":{"line":7,"column":6},"end":{"line":7,"column":20}},"5":{"start":{"line":9,"column":6},"end":{"line":9,"column":18}}},"fnMap":{"0":{"name":"(anonymous_0)","decl":{"start":{"line":3,"column":14},"end":{"line":3,"column":15}},"loc":{"start":{"line":3,"column":55},"end":{"line":11,"column":1}},"line":3}},"branchMap":{"0":{"loc":{"start":{"line":3,"column":15},"end":{"line":3,"column":42}},"type":"default-arg","locations":[{"start":{"line":3,"column":23},"end":{"line":3,"column":42}}],"line":3},"1":{"loc":{"start":{"line":5,"column":2},"end":{"line":10,"column":3}},"type":"switch","locations":[{"start":{"line":6,"column":4},"end":{"line":7,"column":20}},{"start":{"line":8,"column":4},"end":{"line":9,"column":18}}],"line":5}},"s":{"0":1,"1":1,"2":2,"3":2,"4":0,"5":2},"f":{"0":2},"b":{"0":[1],"1":[0,2]},"_coverageSchema":"1a1c01bbd47fc00a2c39e90264f33305004495a9","hash":"e3778aee81aa5d1356a8c1d5e87931967b8586f9"}
,"/home/eq/devacademy/Bootcamp/final-project/has-bean/client/reducers/roasters.js": {"path":"/home/eq/devacademy/Bootcamp/final-project/has-bean/client/reducers/roasters.js","statementMap":{"0":{"start":{"line":2,"column":28},"end":{"line":2,"column":30}},"1":{"start":{"line":4,"column":17},"end":{"line":15,"column":1}},"2":{"start":{"line":5,"column":28},"end":{"line":5,"column":34}},"3":{"start":{"line":6,"column":2},"end":{"line":14,"column":3}},"4":{"start":{"line":8,"column":6},"end":{"line":8,"column":20}},"5":{"start":{"line":11,"column":6},"end":{"line":11,"column":32}},"6":{"start":{"line":13,"column":6},"end":{"line":13,"column":18}}},"fnMap":{"0":{"name":"(anonymous_0)","decl":{"start":{"line":4,"column":17},"end":{"line":4,"column":18}},"loc":{"start":{"line":4,"column":58},"end":{"line":15,"column":1}},"line":4}},"branchMap":{"0":{"loc":{"start":{"line":4,"column":18},"end":{"line":4,"column":45}},"type":"default-arg","locations":[{"start":{"line":4,"column":26},"end":{"line":4,"column":45}}],"line":4},"1":{"loc":{"start":{"line":6,"column":2},"end":{"line":14,"column":3}},"type":"switch","locations":[{"start":{"line":7,"column":4},"end":{"line":8,"column":20}},{"start":{"line":10,"column":4},"end":{"line":11,"column":32}},{"start":{"line":12,"column":4},"end":{"line":13,"column":18}}],"line":6}},"s":{"0":1,"1":1,"2":4,"3":4,"4":1,"5":0,"6":3},"f":{"0":4},"b":{"0":[2],"1":[1,0,3]},"_coverageSchema":"1a1c01bbd47fc00a2c39e90264f33305004495a9","hash":"ba4ada21507302f8b44bf9574bff9e00ea0b22df"}
,"/home/eq/devacademy/Bootcamp/final-project/has-bean/client/reducers/searchResult.js": {"path":"/home/eq/devacademy/Bootcamp/final-project/has-bean/client/reducers/searchResult.js","statementMap":{"0":{"start":{"line":1,"column":28},"end":{"line":1,"column":30}},"1":{"start":{"line":3,"column":21},"end":{"line":11,"column":1}},"2":{"start":{"line":4,"column":28},"end":{"line":4,"column":34}},"3":{"start":{"line":5,"column":2},"end":{"line":10,"column":3}},"4":{"start":{"line":7,"column":6},"end":{"line":7,"column":20}},"5":{"start":{"line":9,"column":6},"end":{"line":9,"column":18}}},"fnMap":{"0":{"name":"(anonymous_0)","decl":{"start":{"line":3,"column":21},"end":{"line":3,"column":22}},"loc":{"start":{"line":3,"column":62},"end":{"line":11,"column":1}},"line":3}},"branchMap":{"0":{"loc":{"start":{"line":3,"column":22},"end":{"line":3,"column":49}},"type":"default-arg","locations":[{"start":{"line":3,"column":30},"end":{"line":3,"column":49}}],"line":3},"1":{"loc":{"start":{"line":5,"column":2},"end":{"line":10,"column":3}},"type":"switch","locations":[{"start":{"line":6,"column":4},"end":{"line":7,"column":20}},{"start":{"line":8,"column":4},"end":{"line":9,"column":18}}],"line":5}},"s":{"0":1,"1":1,"2":2,"3":2,"4":1,"5":1},"f":{"0":2},"b":{"0":[1],"1":[1,1]},"_coverageSchema":"1a1c01bbd47fc00a2c39e90264f33305004495a9","hash":"5a398d37704f17ffbe4d38d81b7da6c340eff4bd"}
,"/home/eq/devacademy/Bootcamp/final-project/has-bean/client/reducers/searchRoasters.js": {"path":"/home/eq/devacademy/Bootcamp/final-project/has-bean/client/reducers/searchRoasters.js","statementMap":{"0":{"start":{"line":1,"column":28},"end":{"line":1,"column":30}},"1":{"start":{"line":3,"column":23},"end":{"line":11,"column":1}},"2":{"start":{"line":4,"column":28},"end":{"line":4,"column":34}},"3":{"start":{"line":5,"column":2},"end":{"line":10,"column":3}},"4":{"start":{"line":7,"column":6},"end":{"line":7,"column":20}},"5":{"start":{"line":9,"column":6},"end":{"line":9,"column":18}}},"fnMap":{"0":{"name":"(anonymous_0)","decl":{"start":{"line":3,"column":23},"end":{"line":3,"column":24}},"loc":{"start":{"line":3,"column":64},"end":{"line":11,"column":1}},"line":3}},"branchMap":{"0":{"loc":{"start":{"line":3,"column":24},"end":{"line":3,"column":51}},"type":"default-arg","locations":[{"start":{"line":3,"column":32},"end":{"line":3,"column":51}}],"line":3},"1":{"loc":{"start":{"line":5,"column":2},"end":{"line":10,"column":3}},"type":"switch","locations":[{"start":{"line":6,"column":4},"end":{"line":7,"column":20}},{"start":{"line":8,"column":4},"end":{"line":9,"column":18}}],"line":5}},"s":{"0":1,"1":1,"2":2,"3":2,"4":1,"5":1},"f":{"0":2},"b":{"0":[1],"1":[1,1]},"_coverageSchema":"1a1c01bbd47fc00a2c39e90264f33305004495a9","hash":"8fe5f3c22cfa27c3096edb222e01323d3133087c"}
,"/home/eq/devacademy/Bootcamp/final-project/has-bean/server/db/beans.js": {"path":"/home/eq/devacademy/Bootcamp/final-project/has-bean/server/db/beans.js","statementMap":{"0":{"start":{"line":1,"column":19},"end":{"line":1,"column":42}},"1":{"start":{"line":3,"column":0},"end":{"line":5,"column":1}},"2":{"start":{"line":8,"column":2},"end":{"line":18,"column":5}}},"fnMap":{"0":{"name":"getBeans","decl":{"start":{"line":7,"column":9},"end":{"line":7,"column":17}},"loc":{"start":{"line":7,"column":35},"end":{"line":19,"column":1}},"line":7}},"branchMap":{"0":{"loc":{"start":{"line":7,"column":18},"end":{"line":7,"column":33}},"type":"default-arg","locations":[{"start":{"line":7,"column":23},"end":{"line":7,"column":33}}],"line":7}},"s":{"0":5,"1":5,"2":1},"f":{"0":1},"b":{"0":[0]},"_coverageSchema":"1a1c01bbd47fc00a2c39e90264f33305004495a9","hash":"ffe8d4e2510b995b2f892c0a5361c183772121fc"}
,"/home/eq/devacademy/Bootcamp/final-project/has-bean/server/db/cafes.js": {"path":"/home/eq/devacademy/Bootcamp/final-project/has-bean/server/db/cafes.js","statementMap":{"0":{"start":{"line":1,"column":19},"end":{"line":1,"column":42}},"1":{"start":{"line":2,"column":0},"end":{"line":5,"column":1}},"2":{"start":{"line":8,"column":2},"end":{"line":21,"column":5}},"3":{"start":{"line":25,"column":2},"end":{"line":25,"column":36}}},"fnMap":{"0":{"name":"getCafes","decl":{"start":{"line":7,"column":9},"end":{"line":7,"column":17}},"loc":{"start":{"line":7,"column":35},"end":{"line":22,"column":1}},"line":7},"1":{"name":"addCafe","decl":{"start":{"line":24,"column":9},"end":{"line":24,"column":16}},"loc":{"start":{"line":24,"column":43},"end":{"line":26,"column":1}},"line":24}},"branchMap":{"0":{"loc":{"start":{"line":7,"column":18},"end":{"line":7,"column":33}},"type":"default-arg","locations":[{"start":{"line":7,"column":23},"end":{"line":7,"column":33}}],"line":7},"1":{"loc":{"start":{"line":24,"column":26},"end":{"line":24,"column":41}},"type":"default-arg","locations":[{"start":{"line":24,"column":31},"end":{"line":24,"column":41}}],"line":24}},"s":{"0":5,"1":5,"2":1,"3":0},"f":{"0":1,"1":0},"b":{"0":[0],"1":[0]},"_coverageSchema":"1a1c01bbd47fc00a2c39e90264f33305004495a9","hash":"0110f4e5a5da50c0dba7ce2fcf0ec69ff210e1a6"}
,"/home/eq/devacademy/Bootcamp/final-project/has-bean/server/db/roasters.js": {"path":"/home/eq/devacademy/Bootcamp/final-project/has-bean/server/db/roasters.js","statementMap":{"0":{"start":{"line":1,"column":19},"end":{"line":1,"column":42}},"1":{"start":{"line":2,"column":0},"end":{"line":7,"column":1}},"2":{"start":{"line":10,"column":2},"end":{"line":10,"column":32}},"3":{"start":{"line":14,"column":2},"end":{"line":14,"column":46}},"4":{"start":{"line":18,"column":2},"end":{"line":18,"column":39}},"5":{"start":{"line":22,"column":2},"end":{"line":22,"column":53}}},"fnMap":{"0":{"name":"getRoasters","decl":{"start":{"line":9,"column":9},"end":{"line":9,"column":20}},"loc":{"start":{"line":9,"column":38},"end":{"line":11,"column":1}},"line":9},"1":{"name":"getRoasterById","decl":{"start":{"line":13,"column":9},"end":{"line":13,"column":23}},"loc":{"start":{"line":13,"column":45},"end":{"line":15,"column":1}},"line":13},"2":{"name":"addRoaster","decl":{"start":{"line":17,"column":9},"end":{"line":17,"column":19}},"loc":{"start":{"line":17,"column":46},"end":{"line":19,"column":1}},"line":17},"3":{"name":"editRoaster","decl":{"start":{"line":21,"column":9},"end":{"line":21,"column":20}},"loc":{"start":{"line":21,"column":51},"end":{"line":23,"column":1}},"line":21}},"branchMap":{"0":{"loc":{"start":{"line":9,"column":21},"end":{"line":9,"column":36}},"type":"default-arg","locations":[{"start":{"line":9,"column":26},"end":{"line":9,"column":36}}],"line":9},"1":{"loc":{"start":{"line":13,"column":28},"end":{"line":13,"column":43}},"type":"default-arg","locations":[{"start":{"line":13,"column":33},"end":{"line":13,"column":43}}],"line":13},"2":{"loc":{"start":{"line":17,"column":29},"end":{"line":17,"column":44}},"type":"default-arg","locations":[{"start":{"line":17,"column":34},"end":{"line":17,"column":44}}],"line":17},"3":{"loc":{"start":{"line":21,"column":34},"end":{"line":21,"column":49}},"type":"default-arg","locations":[{"start":{"line":21,"column":39},"end":{"line":21,"column":49}}],"line":21}},"s":{"0":5,"1":5,"2":2,"3":0,"4":1,"5":0},"f":{"0":2,"1":0,"2":1,"3":0},"b":{"0":[0],"1":[0],"2":[0],"3":[0]},"_coverageSchema":"1a1c01bbd47fc00a2c39e90264f33305004495a9","hash":"6c5a779d5801c4f5229c86005c68d6de45dd0166"}
,"/home/eq/devacademy/Bootcamp/final-project/has-bean/server/db/searchRoasters.js": {"path":"/home/eq/devacademy/Bootcamp/final-project/has-bean/server/db/searchRoasters.js","statementMap":{"0":{"start":{"line":1,"column":19},"end":{"line":1,"column":42}},"1":{"start":{"line":2,"column":0},"end":{"line":4,"column":1}},"2":{"start":{"line":7,"column":2},"end":{"line":20,"column":5}}},"fnMap":{"0":{"name":"getSearchRoasters","decl":{"start":{"line":6,"column":9},"end":{"line":6,"column":26}},"loc":{"start":{"line":6,"column":44},"end":{"line":21,"column":1}},"line":6}},"branchMap":{"0":{"loc":{"start":{"line":6,"column":27},"end":{"line":6,"column":42}},"type":"default-arg","locations":[{"start":{"line":6,"column":32},"end":{"line":6,"column":42}}],"line":6}},"s":{"0":5,"1":5,"2":1},"f":{"0":1},"b":{"0":[0]},"_coverageSchema":"1a1c01bbd47fc00a2c39e90264f33305004495a9","hash":"c3084f876c176f91b883479aa91b643a580b37fe"}
,"/home/eq/devacademy/Bootcamp/final-project/has-bean/server/routes/beans.js": {"path":"/home/eq/devacademy/Bootcamp/final-project/has-bean/server/routes/beans.js","statementMap":{"0":{"start":{"line":1,"column":16},"end":{"line":1,"column":34}},"1":{"start":{"line":2,"column":11},"end":{"line":2,"column":36}},"2":{"start":{"line":3,"column":15},"end":{"line":3,"column":31}},"3":{"start":{"line":6,"column":0},"end":{"line":15,"column":2}},"4":{"start":{"line":7,"column":2},"end":{"line":14,"column":6}},"5":{"start":{"line":9,"column":6},"end":{"line":9,"column":22}},"6":{"start":{"line":12,"column":6},"end":{"line":12,"column":32}},"7":{"start":{"line":13,"column":6},"end":{"line":13,"column":25}},"8":{"start":{"line":17,"column":0},"end":{"line":17,"column":23}}},"fnMap":{"0":{"name":"(anonymous_0)","decl":{"start":{"line":6,"column":16},"end":{"line":6,"column":17}},"loc":{"start":{"line":6,"column":30},"end":{"line":15,"column":1}},"line":6},"1":{"name":"(anonymous_1)","decl":{"start":{"line":8,"column":10},"end":{"line":8,"column":11}},"loc":{"start":{"line":8,"column":22},"end":{"line":10,"column":5}},"line":8},"2":{"name":"(anonymous_2)","decl":{"start":{"line":11,"column":11},"end":{"line":11,"column":12}},"loc":{"start":{"line":11,"column":20},"end":{"line":14,"column":5}},"line":11}},"branchMap":{},"s":{"0":4,"1":4,"2":4,"3":4,"4":2,"5":1,"6":1,"7":1,"8":4},"f":{"0":2,"1":1,"2":1},"b":{},"_coverageSchema":"1a1c01bbd47fc00a2c39e90264f33305004495a9","hash":"84dbf03955ba71c5e09872d04dc84c99c0ea6cac"}
,"/home/eq/devacademy/Bootcamp/final-project/has-bean/server/routes/cafes.js": {"path":"/home/eq/devacademy/Bootcamp/final-project/has-bean/server/routes/cafes.js","statementMap":{"0":{"start":{"line":1,"column":16},"end":{"line":1,"column":34}},"1":{"start":{"line":2,"column":11},"end":{"line":2,"column":36}},"2":{"start":{"line":3,"column":15},"end":{"line":3,"column":31}},"3":{"start":{"line":6,"column":0},"end":{"line":15,"column":2}},"4":{"start":{"line":7,"column":2},"end":{"line":14,"column":6}},"5":{"start":{"line":9,"column":6},"end":{"line":9,"column":22}},"6":{"start":{"line":12,"column":6},"end":{"line":12,"column":32}},"7":{"start":{"line":13,"column":6},"end":{"line":13,"column":25}},"8":{"start":{"line":17,"column":0},"end":{"line":30,"column":2}},"9":{"start":{"line":18,"column":18},"end":{"line":18,"column":26}},"10":{"start":{"line":19,"column":2},"end":{"line":29,"column":6}},"11":{"start":{"line":21,"column":6},"end":{"line":21,"column":26}},"12":{"start":{"line":24,"column":6},"end":{"line":24,"column":21}},"13":{"start":{"line":27,"column":6},"end":{"line":27,"column":32}},"14":{"start":{"line":28,"column":6},"end":{"line":28,"column":25}},"15":{"start":{"line":31,"column":0},"end":{"line":31,"column":23}}},"fnMap":{"0":{"name":"(anonymous_0)","decl":{"start":{"line":6,"column":16},"end":{"line":6,"column":17}},"loc":{"start":{"line":6,"column":30},"end":{"line":15,"column":1}},"line":6},"1":{"name":"(anonymous_1)","decl":{"start":{"line":8,"column":10},"end":{"line":8,"column":11}},"loc":{"start":{"line":8,"column":22},"end":{"line":10,"column":5}},"line":8},"2":{"name":"(anonymous_2)","decl":{"start":{"line":11,"column":11},"end":{"line":11,"column":12}},"loc":{"start":{"line":11,"column":20},"end":{"line":14,"column":5}},"line":11},"3":{"name":"(anonymous_3)","decl":{"start":{"line":17,"column":17},"end":{"line":17,"column":18}},"loc":{"start":{"line":17,"column":31},"end":{"line":30,"column":1}},"line":17},"4":{"name":"(anonymous_4)","decl":{"start":{"line":20,"column":10},"end":{"line":20,"column":11}},"loc":{"start":{"line":20,"column":16},"end":{"line":22,"column":5}},"line":20},"5":{"name":"(anonymous_5)","decl":{"start":{"line":23,"column":10},"end":{"line":23,"column":11}},"loc":{"start":{"line":23,"column":21},"end":{"line":25,"column":5}},"line":23},"6":{"name":"(anonymous_6)","decl":{"start":{"line":26,"column":11},"end":{"line":26,"column":12}},"loc":{"start":{"line":26,"column":20},"end":{"line":29,"column":5}},"line":26}},"branchMap":{},"s":{"0":4,"1":4,"2":4,"3":4,"4":2,"5":1,"6":1,"7":1,"8":4,"9":0,"10":0,"11":0,"12":0,"13":0,"14":0,"15":4},"f":{"0":2,"1":1,"2":1,"3":0,"4":0,"5":0,"6":0},"b":{},"_coverageSchema":"1a1c01bbd47fc00a2c39e90264f33305004495a9","hash":"f295d3660095b1b9c9e9933b03d68b2eae95482a"}
,"/home/eq/devacademy/Bootcamp/final-project/has-bean/server/routes/roasters.js": {"path":"/home/eq/devacademy/Bootcamp/final-project/has-bean/server/routes/roasters.js","statementMap":{"0":{"start":{"line":1,"column":16},"end":{"line":1,"column":34}},"1":{"start":{"line":2,"column":11},"end":{"line":2,"column":39}},"2":{"start":{"line":3,"column":15},"end":{"line":3,"column":31}},"3":{"start":{"line":6,"column":0},"end":{"line":15,"column":2}},"4":{"start":{"line":7,"column":2},"end":{"line":14,"column":6}},"5":{"start":{"line":9,"column":6},"end":{"line":9,"column":22}},"6":{"start":{"line":12,"column":6},"end":{"line":12,"column":24}},"7":{"start":{"line":13,"column":6},"end":{"line":13,"column":63}},"8":{"start":{"line":18,"column":0},"end":{"line":29,"column":2}},"9":{"start":{"line":19,"column":21},"end":{"line":19,"column":29}},"10":{"start":{"line":20,"column":2},"end":{"line":28,"column":6}},"11":{"start":{"line":23,"column":6},"end":{"line":23,"column":22}},"12":{"start":{"line":26,"column":6},"end":{"line":26,"column":24}},"13":{"start":{"line":27,"column":6},"end":{"line":27,"column":63}},"14":{"start":{"line":32,"column":0},"end":{"line":46,"column":2}},"15":{"start":{"line":33,"column":13},"end":{"line":33,"column":26}},"16":{"start":{"line":34,"column":25},"end":{"line":34,"column":33}},"17":{"start":{"line":35,"column":2},"end":{"line":45,"column":6}},"18":{"start":{"line":37,"column":6},"end":{"line":37,"column":34}},"19":{"start":{"line":40,"column":6},"end":{"line":40,"column":30}},"20":{"start":{"line":43,"column":6},"end":{"line":43,"column":22}},"21":{"start":{"line":44,"column":6},"end":{"line":44,"column":63}},"22":{"start":{"line":48,"column":0},"end":{"line":48,"column":23}}},"fnMap":{"0":{"name":"(anonymous_0)","decl":{"start":{"line":6,"column":16},"end":{"line":6,"column":17}},"loc":{"start":{"line":6,"column":30},"end":{"line":15,"column":1}},"line":6},"1":{"name":"(anonymous_1)","decl":{"start":{"line":8,"column":10},"end":{"line":8,"column":11}},"loc":{"start":{"line":8,"column":22},"end":{"line":10,"column":5}},"line":8},"2":{"name":"(anonymous_2)","decl":{"start":{"line":11,"column":11},"end":{"line":11,"column":12}},"loc":{"start":{"line":11,"column":20},"end":{"line":14,"column":5}},"line":11},"3":{"name":"(anonymous_3)","decl":{"start":{"line":18,"column":20},"end":{"line":18,"column":21}},"loc":{"start":{"line":18,"column":34},"end":{"line":29,"column":1}},"line":18},"4":{"name":"(anonymous_4)","decl":{"start":{"line":22,"column":10},"end":{"line":22,"column":11}},"loc":{"start":{"line":22,"column":19},"end":{"line":24,"column":5}},"line":22},"5":{"name":"(anonymous_5)","decl":{"start":{"line":25,"column":11},"end":{"line":25,"column":12}},"loc":{"start":{"line":25,"column":20},"end":{"line":28,"column":5}},"line":25},"6":{"name":"(anonymous_6)","decl":{"start":{"line":32,"column":26},"end":{"line":32,"column":27}},"loc":{"start":{"line":32,"column":40},"end":{"line":46,"column":1}},"line":32},"7":{"name":"(anonymous_7)","decl":{"start":{"line":36,"column":10},"end":{"line":36,"column":11}},"loc":{"start":{"line":36,"column":16},"end":{"line":38,"column":5}},"line":36},"8":{"name":"(anonymous_8)","decl":{"start":{"line":39,"column":10},"end":{"line":39,"column":11}},"loc":{"start":{"line":39,"column":30},"end":{"line":41,"column":5}},"line":39},"9":{"name":"(anonymous_9)","decl":{"start":{"line":42,"column":11},"end":{"line":42,"column":12}},"loc":{"start":{"line":42,"column":20},"end":{"line":45,"column":5}},"line":42}},"branchMap":{},"s":{"0":4,"1":4,"2":4,"3":4,"4":2,"5":1,"6":1,"7":1,"8":4,"9":2,"10":2,"11":1,"12":1,"13":1,"14":4,"15":0,"16":0,"17":0,"18":0,"19":0,"20":0,"21":0,"22":4},"f":{"0":2,"1":1,"2":1,"3":2,"4":1,"5":1,"6":0,"7":0,"8":0,"9":0},"b":{},"_coverageSchema":"1a1c01bbd47fc00a2c39e90264f33305004495a9","hash":"d1f7b128c187536cc6c793684d659cee63ec12ac"}
,"/home/eq/devacademy/Bootcamp/final-project/has-bean/server/routes/searchRoasters.js": {"path":"/home/eq/devacademy/Bootcamp/final-project/has-bean/server/routes/searchRoasters.js","statementMap":{"0":{"start":{"line":1,"column":16},"end":{"line":1,"column":34}},"1":{"start":{"line":2,"column":11},"end":{"line":2,"column":45}},"2":{"start":{"line":3,"column":15},"end":{"line":3,"column":31}},"3":{"start":{"line":6,"column":0},"end":{"line":15,"column":2}},"4":{"start":{"line":7,"column":2},"end":{"line":14,"column":6}},"5":{"start":{"line":9,"column":6},"end":{"line":9,"column":22}},"6":{"start":{"line":12,"column":6},"end":{"line":12,"column":32}},"7":{"start":{"line":13,"column":6},"end":{"line":13,"column":25}},"8":{"start":{"line":19,"column":0},"end":{"line":19,"column":23}}},"fnMap":{"0":{"name":"(anonymous_0)","decl":{"start":{"line":6,"column":16},"end":{"line":6,"column":17}},"loc":{"start":{"line":6,"column":30},"end":{"line":15,"column":1}},"line":6},"1":{"name":"(anonymous_1)","decl":{"start":{"line":8,"column":10},"end":{"line":8,"column":11}},"loc":{"start":{"line":8,"column":22},"end":{"line":10,"column":5}},"line":8},"2":{"name":"(anonymous_2)","decl":{"start":{"line":11,"column":11},"end":{"line":11,"column":12}},"loc":{"start":{"line":11,"column":20},"end":{"line":14,"column":5}},"line":11}},"branchMap":{},"s":{"0":4,"1":4,"2":4,"3":4,"4":2,"5":1,"6":1,"7":1,"8":4},"f":{"0":2,"1":1,"2":1},"b":{},"_coverageSchema":"1a1c01bbd47fc00a2c39e90264f33305004495a9","hash":"c87215391ec42fd8b7a58eba992e62a8e157c452"}
}
