{"/home/sarah/devacademy/bootcamp/has-bean/client/components/Roaster.jsx": {"path":"/home/sarah/devacademy/bootcamp/has-bean/client/components/Roaster.jsx","statementMap":{"0":{"start":{"line":7,"column":17},"end":{"line":7,"column":28}},"1":{"start":{"line":8,"column":20},"end":{"line":8,"column":37}},"2":{"start":{"line":10,"column":19},"end":{"line":10,"column":57}},"3":{"start":{"line":10,"column":42},"end":{"line":10,"column":56}},"4":{"start":{"line":11,"column":25},"end":{"line":11,"column":69}},"5":{"start":{"line":11,"column":48},"end":{"line":11,"column":68}},"6":{"start":{"line":14,"column":24},"end":{"line":14,"column":76}},"7":{"start":{"line":14,"column":51},"end":{"line":14,"column":75}},"8":{"start":{"line":16,"column":2},"end":{"line":16,"column":61}},"9":{"start":{"line":19,"column":29},"end":{"line":21,"column":5}},"10":{"start":{"line":20,"column":6},"end":{"line":20,"column":61}},"11":{"start":{"line":22,"column":4},"end":{"line":33,"column":6}},"12":{"start":{"line":23,"column":46},"end":{"line":23,"column":53}},"13":{"start":{"line":24,"column":6},"end":{"line":32,"column":7}},"14":{"start":{"line":36,"column":2},"end":{"line":49,"column":3}}},"fnMap":{"0":{"name":"Roaster","decl":{"start":{"line":6,"column":24},"end":{"line":6,"column":31}},"loc":{"start":{"line":6,"column":34},"end":{"line":50,"column":1}},"line":6},"1":{"name":"(anonymous_1)","decl":{"start":{"line":10,"column":31},"end":{"line":10,"column":32}},"loc":{"start":{"line":10,"column":42},"end":{"line":10,"column":56}},"line":10},"2":{"name":"(anonymous_2)","decl":{"start":{"line":11,"column":37},"end":{"line":11,"column":38}},"loc":{"start":{"line":11,"column":48},"end":{"line":11,"column":68}},"line":11},"3":{"name":"(anonymous_3)","decl":{"start":{"line":14,"column":38},"end":{"line":14,"column":39}},"loc":{"start":{"line":14,"column":51},"end":{"line":14,"column":75}},"line":14},"4":{"name":"mapRoasterCafes","decl":{"start":{"line":18,"column":11},"end":{"line":18,"column":26}},"loc":{"start":{"line":18,"column":34},"end":{"line":34,"column":3}},"line":18},"5":{"name":"(anonymous_5)","decl":{"start":{"line":19,"column":51},"end":{"line":19,"column":52}},"loc":{"start":{"line":20,"column":6},"end":{"line":20,"column":61}},"line":20},"6":{"name":"(anonymous_6)","decl":{"start":{"line":22,"column":33},"end":{"line":22,"column":34}},"loc":{"start":{"line":22,"column":46},"end":{"line":33,"column":5}},"line":22}},"branchMap":{"0":{"loc":{"start":{"line":39,"column":9},"end":{"line":45,"column":9}},"type":"binary-expr","locations":[{"start":{"line":39,"column":9},"end":{"line":39,"column":22}},{"start":{"line":40,"column":10},"end":{"line":44,"column":16}}],"line":39}},"s":{"0":4,"1":4,"2":4,"3":6,"4":4,"5":6,"6":4,"7":4,"8":4,"9":4,"10":0,"11":4,"12":0,"13":0,"14":4},"f":{"0":4,"1":6,"2":6,"3":4,"4":4,"5":0,"6":0},"b":{"0":[4,4]},"_coverageSchema":"1a1c01bbd47fc00a2c39e90264f33305004495a9","hash":"5d4a02472efa251e07a9ad012b3d1b5380cefa36"}
}
