TN:
SF:client/actions/beans.js
FN:5,setBeans
FN:12,fetchBeans
FN:13,(anonymous_2)
FN:14,(anonymous_3)
FNF:4
FNH:4
FNDA:1,setBeans
FNDA:2,fetchBeans
FNDA:1,(anonymous_2)
FNDA:1,(anonymous_3)
DA:3,2
DA:6,1
DA:13,2
DA:14,1
DA:15,1
LF:5
LH:5
BRF:0
BRH:0
end_of_record
TN:
SF:client/actions/cafes.js
FN:5,setCafes
FN:12,fetchCafes
FN:13,(anonymous_2)
FN:14,(anonymous_3)
FN:20,addMoreCafe
FN:21,(anonymous_5)
FN:22,(anonymous_6)
FNF:7
FNH:4
FNDA:1,setCafes
FNDA:2,fetchCafes
FNDA:1,(anonymous_2)
FNDA:1,(anonymous_3)
FNDA:0,addMoreCafe
FNDA:0,(anonymous_5)
FNDA:0,(anonymous_6)
DA:3,2
DA:6,1
DA:13,2
DA:14,1
DA:15,1
DA:21,0
DA:22,0
DA:23,0
LF:8
LH:5
BRF:0
BRH:0
end_of_record
TN:
SF:client/actions/roasters.js
FN:8,setRoasters
FN:16,addRoaster
FN:24,updateRoaster
FN:32,fetchRoasters
FN:33,(anonymous_4)
FN:35,(anonymous_5)
FN:38,(anonymous_6)
FN:45,submitRoaster
FN:46,(anonymous_8)
FN:48,(anonymous_9)
FN:51,(anonymous_10)
FNF:11
FNH:9
FNDA:1,setRoasters
FNDA:1,addRoaster
FNDA:0,updateRoaster
FNDA:2,fetchRoasters
FNDA:1,(anonymous_4)
FNDA:1,(anonymous_5)
FNDA:0,(anonymous_6)
FNDA:2,submitRoaster
FNDA:2,(anonymous_8)
FNDA:1,(anonymous_9)
FNDA:1,(anonymous_10)
DA:3,4
DA:4,4
DA:5,4
DA:6,4
DA:9,1
DA:17,1
DA:25,0
DA:33,2
DA:34,1
DA:36,1
DA:39,0
DA:46,2
DA:47,2
DA:49,1
DA:52,1
LF:15
LH:13
BRF:0
BRH:0
end_of_record
TN:
SF:client/actions/searchResult.js
FN:3,setSearchResult
FN:11,updateSearchResult
FN:12,(anonymous_2)
FNF:3
FNH:3
FNDA:1,setSearchResult
FNDA:1,updateSearchResult
FNDA:1,(anonymous_2)
DA:1,3
DA:4,1
DA:12,1
DA:13,1
LF:4
LH:4
BRF:0
BRH:0
end_of_record
TN:
SF:client/actions/searchRoasters.js
FN:5,setSearchRoasters
FN:12,fetchSearchRoasters
FN:13,(anonymous_2)
FN:14,(anonymous_3)
FN:17,(anonymous_4)
FNF:5
FNH:5
FNDA:1,setSearchRoasters
FNDA:2,fetchSearchRoasters
FNDA:2,(anonymous_2)
FNDA:1,(anonymous_3)
FNDA:1,(anonymous_4)
DA:3,2
DA:6,1
DA:13,2
DA:14,2
DA:15,1
DA:17,1
LF:6
LH:6
BRF:0
BRH:0
end_of_record
TN:
SF:client/apis/beans.js
FN:5,getBeans
FN:6,(anonymous_1)
FNF:2
FNH:2
FNDA:1,getBeans
FNDA:1,(anonymous_1)
DA:3,3
DA:6,1
DA:7,1
LF:3
LH:3
BRF:0
BRH:0
end_of_record
TN:
SF:client/apis/cafes.js
FN:5,getCafes
FN:6,(anonymous_1)
FN:11,addCafe
FN:15,(anonymous_3)
FNF:4
FNH:2
FNDA:1,getCafes
FNDA:1,(anonymous_1)
FNDA:0,addCafe
FNDA:0,(anonymous_3)
DA:3,3
DA:6,1
DA:7,1
DA:12,0
DA:16,0
DA:17,0
LF:6
LH:3
BRF:0
BRH:0
end_of_record
TN:
SF:client/apis/roasters.js
FN:5,getRoasters
FN:6,(anonymous_1)
FN:12,getRoasterById
FN:13,(anonymous_3)
FN:19,postRoaster
FN:23,(anonymous_5)
FN:29,editRoaster
FN:33,(anonymous_7)
FNF:8
FNH:4
FNDA:1,getRoasters
FNDA:1,(anonymous_1)
FNDA:0,getRoasterById
FNDA:0,(anonymous_3)
FNDA:1,postRoaster
FNDA:1,(anonymous_5)
FNDA:0,editRoaster
FNDA:0,(anonymous_7)
DA:3,5
DA:6,1
DA:7,1
DA:13,0
DA:14,0
DA:20,1
DA:24,1
DA:30,0
DA:34,0
LF:9
LH:5
BRF:0
BRH:0
end_of_record
TN:
SF:client/apis/searchRoasters.js
FN:5,getSearchRoasters
FN:6,(anonymous_1)
FNF:2
FNH:2
FNDA:1,getSearchRoasters
FNDA:1,(anonymous_1)
DA:3,3
DA:6,1
DA:7,1
LF:3
LH:3
BRF:0
BRH:0
end_of_record
TN:
SF:client/components/AddRoaster.jsx
FN:7,AddRoaster
FN:29,handleChange
FN:36,handleSubmit
FN:63,(anonymous_3)
FNF:4
FNH:3
FNDA:2,AddRoaster
FNDA:0,handleChange
FNDA:1,handleSubmit
FNDA:14,(anonymous_3)
DA:8,2
DA:9,2
DA:11,2
DA:19,2
DA:30,0
DA:37,1
DA:38,1
DA:39,1
DA:46,1
DA:49,2
DA:64,14
LF:11
LH:10
BRF:0
BRH:0
end_of_record
TN:
SF:client/components/Authenticated.jsx
FN:4,(anonymous_0)
FN:9,IfAuthenticated
FN:13,IfNotAuthenticated
FNF:3
FNH:3
FNDA:12,(anonymous_0)
FNDA:6,IfAuthenticated
FNDA:6,IfNotAuthenticated
DA:4,4
DA:5,12
DA:6,12
DA:10,6
DA:14,6
LF:5
LH:5
BRDA:10,0,0,2
BRDA:10,0,1,4
BRDA:14,1,0,4
BRDA:14,1,1,2
BRF:4
BRH:4
end_of_record
TN:
SF:client/components/Footer.jsx
FN:8,Footer
FN:11,(anonymous_1)
FN:16,(anonymous_2)
FNF:3
FNH:1
FNDA:1,Footer
FNDA:0,(anonymous_1)
FNDA:0,(anonymous_2)
DA:9,1
DA:11,1
DA:12,0
DA:13,0
DA:16,1
DA:17,0
DA:18,0
DA:21,1
LF:8
LH:4
BRF:0
BRH:0
end_of_record
TN:
SF:client/components/Header.jsx
FN:8,Header
FN:11,(anonymous_1)
FN:16,(anonymous_2)
FNF:3
FNH:3
FNDA:5,Header
FNDA:1,(anonymous_1)
FNDA:1,(anonymous_2)
DA:9,5
DA:11,5
DA:12,1
DA:13,1
DA:16,5
DA:17,1
DA:18,1
DA:21,5
LF:8
LH:8
BRF:0
BRH:0
end_of_record
TN:
SF:client/components/Roaster.jsx
FN:6,Roaster
FN:10,(anonymous_1)
FN:11,(anonymous_2)
FN:13,(anonymous_3)
FN:15,mapRoasterCafes
FN:16,(anonymous_5)
FN:19,(anonymous_6)
FNF:7
FNH:7
FNDA:2,Roaster
FNDA:4,(anonymous_1)
FNDA:4,(anonymous_2)
FNDA:2,(anonymous_3)
FNDA:2,mapRoasterCafes
FNDA:6,(anonymous_5)
FNDA:4,(anonymous_6)
DA:7,2
DA:8,2
DA:10,4
DA:11,4
DA:13,2
DA:16,2
DA:17,6
DA:19,2
DA:20,4
DA:21,4
DA:32,2
LF:11
LH:11
BRDA:35,0,0,2
BRDA:35,0,1,2
BRF:2
BRH:2
end_of_record
TN:
SF:client/components/Roasters.jsx
FN:7,Roasters
FN:8,(anonymous_1)
FN:15,(anonymous_2)
FN:16,(anonymous_3)
FN:23,(anonymous_4)
FN:29,(anonymous_5)
FN:30,(anonymous_6)
FNF:7
FNH:0
FNDA:0,Roasters
FNDA:0,(anonymous_1)
FNDA:0,(anonymous_2)
FNDA:0,(anonymous_3)
FNDA:0,(anonymous_4)
FNDA:0,(anonymous_5)
FNDA:0,(anonymous_6)
DA:8,0
DA:10,0
DA:11,0
DA:14,0
DA:15,0
DA:16,0
DA:18,0
DA:20,0
DA:24,0
DA:29,0
DA:31,0
LF:11
LH:0
BRDA:10,0,0,0
BRDA:10,0,1,0
BRF:2
BRH:0
end_of_record
TN:
SF:client/components/Search.jsx
FN:7,Search
FN:9,(anonymous_1)
FN:10,(anonymous_2)
FN:13,(anonymous_3)
FN:16,(anonymous_4)
FN:19,(anonymous_5)
FN:59,(anonymous_6)
FNF:7
FNH:0
FNDA:0,Search
FNDA:0,(anonymous_1)
FNDA:0,(anonymous_2)
FNDA:0,(anonymous_3)
FNDA:0,(anonymous_4)
FNDA:0,(anonymous_5)
FNDA:0,(anonymous_6)
DA:8,0
DA:9,0
DA:10,0
DA:13,0
DA:14,0
DA:16,0
DA:17,0
DA:18,0
DA:19,0
DA:21,0
DA:23,0
DA:60,0
LF:12
LH:0
BRF:0
BRH:0
end_of_record
TN:
SF:client/reducers/beans.js
FN:3,(anonymous_0)
FNF:1
FNH:1
FNDA:2,(anonymous_0)
DA:1,1
DA:3,1
DA:4,2
DA:5,2
DA:7,0
DA:9,2
LF:6
LH:5
BRDA:3,0,0,1
BRDA:5,1,0,0
BRDA:5,1,1,2
BRF:3
BRH:2
end_of_record
TN:
SF:client/reducers/cafes.js
FN:3,(anonymous_0)
FNF:1
FNH:1
FNDA:2,(anonymous_0)
DA:1,1
DA:3,1
DA:4,2
DA:5,2
DA:7,0
DA:9,2
LF:6
LH:5
BRDA:3,0,0,1
BRDA:5,1,0,0
BRDA:5,1,1,2
BRF:3
BRH:2
end_of_record
TN:
SF:client/reducers/roasters.js
FN:4,(anonymous_0)
FNF:1
FNH:1
FNDA:4,(anonymous_0)
DA:2,1
DA:4,1
DA:5,4
DA:6,4
DA:8,1
DA:11,0
DA:13,3
LF:7
LH:6
BRDA:4,0,0,2
BRDA:6,1,0,1
BRDA:6,1,1,0
BRDA:6,1,2,3
BRF:4
BRH:3
end_of_record
TN:
SF:client/reducers/searchResult.js
FN:3,(anonymous_0)
FNF:1
FNH:1
FNDA:2,(anonymous_0)
DA:1,1
DA:3,1
DA:4,2
DA:5,2
DA:7,1
DA:9,1
LF:6
LH:6
BRDA:3,0,0,1
BRDA:5,1,0,1
BRDA:5,1,1,1
BRF:3
BRH:3
end_of_record
TN:
SF:client/reducers/searchRoasters.js
FN:3,(anonymous_0)
FNF:1
FNH:1
FNDA:2,(anonymous_0)
DA:1,1
DA:3,1
DA:4,2
DA:5,2
DA:7,1
DA:9,1
LF:6
LH:6
BRDA:3,0,0,1
BRDA:5,1,0,1
BRDA:5,1,1,1
BRF:3
BRH:3
end_of_record
TN:
SF:server/db/beans.js
FN:7,getBeans
FNF:1
FNH:1
FNDA:1,getBeans
DA:1,5
DA:3,5
DA:8,1
LF:3
LH:3
BRDA:7,0,0,0
BRF:1
BRH:0
end_of_record
TN:
SF:server/db/cafes.js
FN:7,getCafes
FN:24,addCafe
FNF:2
FNH:1
FNDA:1,getCafes
FNDA:0,addCafe
DA:1,5
DA:2,5
DA:8,1
DA:25,0
LF:4
LH:3
BRDA:7,0,0,0
BRDA:24,1,0,0
BRF:2
BRH:0
end_of_record
TN:
SF:server/db/roasters.js
FN:9,getRoasters
FN:13,getRoasterById
FN:17,addRoaster
FN:21,editRoaster
FNF:4
FNH:2
FNDA:2,getRoasters
FNDA:0,getRoasterById
FNDA:1,addRoaster
FNDA:0,editRoaster
DA:1,5
DA:2,5
DA:10,2
DA:14,0
DA:18,1
DA:22,0
LF:6
LH:4
BRDA:9,0,0,0
BRDA:13,1,0,0
BRDA:17,2,0,0
BRDA:21,3,0,0
BRF:4
BRH:0
end_of_record
TN:
SF:server/db/searchRoasters.js
FN:6,getSearchRoasters
FNF:1
FNH:1
FNDA:1,getSearchRoasters
DA:1,5
DA:2,5
DA:7,1
LF:3
LH:3
BRDA:6,0,0,0
BRF:1
BRH:0
end_of_record
TN:
SF:server/routes/beans.js
FN:6,(anonymous_0)
FN:8,(anonymous_1)
FN:11,(anonymous_2)
FNF:3
FNH:3
FNDA:2,(anonymous_0)
FNDA:1,(anonymous_1)
FNDA:1,(anonymous_2)
DA:1,4
DA:2,4
DA:3,4
DA:6,4
DA:7,2
DA:9,1
DA:12,1
DA:13,1
DA:17,4
LF:9
LH:9
BRF:0
BRH:0
end_of_record
TN:
SF:server/routes/cafes.js
FN:6,(anonymous_0)
FN:8,(anonymous_1)
FN:11,(anonymous_2)
FN:17,(anonymous_3)
FN:20,(anonymous_4)
FN:23,(anonymous_5)
FN:26,(anonymous_6)
FNF:7
FNH:3
FNDA:2,(anonymous_0)
FNDA:1,(anonymous_1)
FNDA:1,(anonymous_2)
FNDA:0,(anonymous_3)
FNDA:0,(anonymous_4)
FNDA:0,(anonymous_5)
FNDA:0,(anonymous_6)
DA:1,4
DA:2,4
DA:3,4
DA:6,4
DA:7,2
DA:9,1
DA:12,1
DA:13,1
DA:17,4
DA:18,0
DA:19,0
DA:21,0
DA:24,0
DA:27,0
DA:28,0
DA:31,4
LF:16
LH:10
BRF:0
BRH:0
end_of_record
TN:
SF:server/routes/roasters.js
FN:6,(anonymous_0)
FN:8,(anonymous_1)
FN:11,(anonymous_2)
FN:18,(anonymous_3)
FN:22,(anonymous_4)
FN:25,(anonymous_5)
FN:32,(anonymous_6)
FN:36,(anonymous_7)
FN:39,(anonymous_8)
FN:42,(anonymous_9)
FNF:10
FNH:6
FNDA:2,(anonymous_0)
FNDA:1,(anonymous_1)
FNDA:1,(anonymous_2)
FNDA:2,(anonymous_3)
FNDA:1,(anonymous_4)
FNDA:1,(anonymous_5)
FNDA:0,(anonymous_6)
FNDA:0,(anonymous_7)
FNDA:0,(anonymous_8)
FNDA:0,(anonymous_9)
DA:1,4
DA:2,4
DA:3,4
DA:6,4
DA:7,2
DA:9,1
DA:12,1
DA:13,1
DA:18,4
DA:19,2
DA:20,2
DA:23,1
DA:26,1
DA:27,1
DA:32,4
DA:33,0
DA:34,0
DA:35,0
DA:37,0
DA:40,0
DA:43,0
DA:44,0
DA:48,4
LF:23
LH:16
BRF:0
BRH:0
end_of_record
TN:
SF:server/routes/searchRoasters.js
FN:6,(anonymous_0)
FN:8,(anonymous_1)
FN:11,(anonymous_2)
FNF:3
FNH:3
FNDA:2,(anonymous_0)
FNDA:1,(anonymous_1)
FNDA:1,(anonymous_2)
DA:1,4
DA:2,4
DA:3,4
DA:6,4
DA:7,2
DA:9,1
DA:12,1
DA:13,1
DA:19,4
LF:9
LH:9
BRF:0
BRH:0
end_of_record
